  Camera.cpp
D:\Facultate\Anul II\Semestrul 2\SMM\Laborator\Aquarium-Simulation-SMM\ProiectSMM-Aquarium\ProiectSMM-Aquarium\Camera.h(4,10): fatal error C1083: Cannot open include file: 'glm.hpp': No such file or directory
  IndexBuffer.cpp
  Mesh.cpp
D:\Facultate\Anul II\Semestrul 2\SMM\Laborator\Aquarium-Simulation-SMM\ProiectSMM-Aquarium\ProiectSMM-Aquarium\Mesh.h(6,10): fatal error C1083: Cannot open include file: 'glm.hpp': No such file or directory
  ObjLoader.cpp
D:\Facultate\Anul II\Semestrul 2\SMM\Laborator\Aquarium-Simulation-SMM\ProiectSMM-Aquarium\ProiectSMM-Aquarium\Mesh.h(6,10): fatal error C1083: Cannot open include file: 'glm.hpp': No such file or directory
  Renderer.cpp
D:\Facultate\Anul II\Semestrul 2\SMM\Laborator\Aquarium-Simulation-SMM\ProiectSMM-Aquarium\ProiectSMM-Aquarium\Shader.h(5,10): fatal error C1083: Cannot open include file: 'glm.hpp': No such file or directory
  Shader.cpp
D:\Facultate\Anul II\Semestrul 2\SMM\Laborator\Aquarium-Simulation-SMM\ProiectSMM-Aquarium\ProiectSMM-Aquarium\Shader.h(5,10): fatal error C1083: Cannot open include file: 'glm.hpp': No such file or directory
  ShadowFrameBuffer.cpp
D:\Facultate\Anul II\Semestrul 2\SMM\Laborator\Aquarium-Simulation-SMM\ProiectSMM-Aquarium\ProiectSMM-Aquarium\ShadowFrameBuffer.h(3,10): fatal error C1083: Cannot open include file: 'glm.hpp': No such file or directory
  Skybox.cpp
D:\Facultate\Anul II\Semestrul 2\SMM\Laborator\Aquarium-Simulation-SMM\ProiectSMM-Aquarium\ProiectSMM-Aquarium\Shader.h(5,10): fatal error C1083: Cannot open include file: 'glm.hpp': No such file or directory
  Source.cpp
D:\Facultate\Anul II\Semestrul 2\SMM\Laborator\Aquarium-Simulation-SMM\ProiectSMM-Aquarium\ProiectSMM-Aquarium\Source.cpp(3,10): fatal error C1083: Cannot open include file: 'glm.hpp': No such file or directory
  stb_image.cpp
  Texture.cpp
D:\Facultate\Anul II\Semestrul 2\SMM\Laborator\Aquarium-Simulation-SMM\ProiectSMM-Aquarium\ProiectSMM-Aquarium\Shader.h(5,10): fatal error C1083: Cannot open include file: 'glm.hpp': No such file or directory
  VertexArray.cpp
  VertexBuffer.cpp
  WaterFrameBuffer.cpp
D:\Facultate\Anul II\Semestrul 2\SMM\Laborator\Aquarium-Simulation-SMM\ProiectSMM-Aquarium\ProiectSMM-Aquarium\WaterFrameBuffer.h(4,10): fatal error C1083: Cannot open include file: 'glm.hpp': No such file or directory
  Generating Code...
