c:\users\vlad\source\anul ii\smm\smm\aquarium-simulation.git\proiectsmm-aquarium\proiectsmm-aquarium\debug\camera.obj
c:\users\vlad\source\anul ii\smm\smm\aquarium-simulation.git\proiectsmm-aquarium\proiectsmm-aquarium\debug\indexbuffer.obj
c:\users\vlad\source\anul ii\smm\smm\aquarium-simulation.git\proiectsmm-aquarium\proiectsmm-aquarium\debug\mesh.obj
c:\users\vlad\source\anul ii\smm\smm\aquarium-simulation.git\proiectsmm-aquarium\proiectsmm-aquarium\debug\objloader.obj
c:\users\vlad\source\anul ii\smm\smm\aquarium-simulation.git\proiectsmm-aquarium\proiectsmm-aquarium\debug\renderer.obj
c:\users\vlad\source\anul ii\smm\smm\aquarium-simulation.git\proiectsmm-aquarium\proiectsmm-aquarium\debug\shader.obj
c:\users\vlad\source\anul ii\smm\smm\aquarium-simulation.git\proiectsmm-aquarium\proiectsmm-aquarium\debug\shadowframebuffer.obj
c:\users\vlad\source\anul ii\smm\smm\aquarium-simulation.git\proiectsmm-aquarium\proiectsmm-aquarium\debug\skybox.obj
c:\users\vlad\source\anul ii\smm\smm\aquarium-simulation.git\proiectsmm-aquarium\proiectsmm-aquarium\debug\source.obj
c:\users\vlad\source\anul ii\smm\smm\aquarium-simulation.git\proiectsmm-aquarium\proiectsmm-aquarium\debug\stb_image.obj
c:\users\vlad\source\anul ii\smm\smm\aquarium-simulation.git\proiectsmm-aquarium\proiectsmm-aquarium\debug\texture.obj
c:\users\vlad\source\anul ii\smm\smm\aquarium-simulation.git\proiectsmm-aquarium\proiectsmm-aquarium\debug\vertexarray.obj
c:\users\vlad\source\anul ii\smm\smm\aquarium-simulation.git\proiectsmm-aquarium\proiectsmm-aquarium\debug\vertexbuffer.obj
c:\users\vlad\source\anul ii\smm\smm\aquarium-simulation.git\proiectsmm-aquarium\proiectsmm-aquarium\debug\waterframebuffer.obj
c:\users\vlad\source\anul ii\smm\smm\aquarium-simulation.git\proiectsmm-aquarium\proiectsmm-aquarium\debug\proiectsmm-aquarium.ilk
c:\users\vlad\source\anul ii\smm\smm\aquarium-simulation.git\proiectsmm-aquarium\proiectsmm-aquarium\debug\vc142.idb
c:\users\vlad\source\anul ii\smm\smm\aquarium-simulation.git\proiectsmm-aquarium\proiectsmm-aquarium\debug\vc142.pdb
c:\users\vlad\source\anul ii\smm\smm\aquarium-simulation.git\proiectsmm-aquarium\debug\proiectsmm-aquarium.pdb
c:\users\vlad\source\anul ii\smm\smm\aquarium-simulation.git\proiectsmm-aquarium\debug\proiectsmm-aquarium.exe
c:\users\vlad\source\anul ii\smm\smm\aquarium-simulation.git\proiectsmm-aquarium\proiectsmm-aquarium\debug\proiects.2e6763dd.tlog\cl.command.1.tlog
c:\users\vlad\source\anul ii\smm\smm\aquarium-simulation.git\proiectsmm-aquarium\proiectsmm-aquarium\debug\proiects.2e6763dd.tlog\link.command.1.tlog
